
	            G L O B A L   R E F E R E N C E S

	             Name               Value        Type
	==============================|=======|===============
	CR                               000A         CONSTANT
	FIM_TEXTO                        0040         CONSTANT
	IO_READ                          FFFF         CONSTANT
	IO_WRITE                         FFFE         CONSTANT
	IO_STATUS                        FFFD         CONSTANT
	SP_INICIAL                       FDFF         CONSTANT
	XY_SCREEN                        FFFC         CONSTANT
	INT_MASK                         8007         CONSTANT
	INT_MASK_ADDR                    FFFA         CONSTANT
	MASK_RANDOM                      8016         CONSTANT
	DISPLAY1                         FFF0         CONSTANT
	DISPLAY2                         FFF1         CONSTANT
	DISPLAY3                         FFF2         CONSTANT
	DISPLAY4                         FFF3         CONSTANT
	VAL_CONT                         FFF6         CONSTANT
	CONT_CT                          FFF7         CONSTANT
	LED_ADD                          FFF8         CONSTANT
	LCD_CONTROLO                     FFF4         CONSTANT
	LCD                              FFF5         CONSTANT
	N_COLUNAS                        004E         CONSTANT
	N_LINHAS                         0018         CONSTANT
	DIM_TABS                         0009         CONSTANT
	MAX_OBST                         000A         CONSTANT
	POWER_TEMP                       0001         CONSTANT
	CONT_MS                          0001         CONSTANT
	LIMITES_ALEAT                    0013         CONSTANT
	LED_FACIL                        8000         CONSTANT
	LED_MEDIO                        C000         CONSTANT
	LED_DIFICIL                      E000         CONSTANT
	NIVEL_FACIL                      0003         CONSTANT
	NIVEL_MEDIO                      0002         CONSTANT
	NIVEL_DIFICIL                    0001         CONSTANT
	Pos_Esc_LCD_1                    8000         CONSTANT
	Pos_Esc_LCD_2                    8020         CONSTANT
	ULTIMA_LINHA                     1700         CONSTANT
	NIVEL_MAX                        0001         CONSTANT
	NIVEL_MIN                        0003         CONSTANT
	ACTIV_LCD                        4000         CONSTANT
	POS_INSTR                        0C23         CONSTANT
	POS_STATS                        0E17         CONSTANT
	PROXIMA_LINHA                    0100         CONSTANT
	CONVERSOR_ASCII                  0030         CONSTANT
	TXT_PAREDE                       002D         CONSTANT
	TXT_OBST                         0058         CONSTANT
	LINHAS_CENARIO                   0002         CONSTANT
	COMP_FIXO_OBST                   0004         CONSTANT
	POS_PASSARO_INIT                 0C14         CONSTANT
	PASSARO_ACL_INIT                 0004         CONSTANT
	COL_PASSARO                      0014         CONSTANT
	COL_OBST_INIT                    004D         CONSTANT
	NIVEL_INIT                       0003         CONSTANT
	DST_OBST                         000A         CONSTANT
	ACEL                             000A         CONSTANT
	LIMITE_PASSARO_TOPO              0114         CONSTANT
	LIMITE_PASSARO_FUNDO             1614         CONSTANT
	INT0                             FE00         VARIABLE
	INT1                             FE01         VARIABLE
	INT2                             FE02         VARIABLE
	INT15                            FE0F         VARIABLE
	StrPrep                          8000           STRING
	StrInst                          800B           STRING
	StrPassaro                       8022           STRING
	StrLimpa                         8025           STRING
	StrGameOver                      8028           STRING
	StrGO_Pts                        8034           STRING
	StrGO_Pts2                       8045           STRING
	Str_Dist                         805F           STRING
	Cont_I0                          806A         VARIABLE
	Cont_I1                          806B         VARIABLE
	Cont_I2                          806C         VARIABLE
	Cont_Obst                        806D         VARIABLE
	Cont_Pass                        806E         VARIABLE
	Cont_Timer                       806F         VARIABLE
	Pos_Obst                         8070            TABLE
	NumI                             807A         VARIABLE
	OBST_C                           807B         VARIABLE
	NIVEL                            807C         VARIABLE
	I_POS                            807D         VARIABLE
	Contador_Cols                    807E         VARIABLE
	NOBST_Ult                        807F         VARIABLE
	NOBST_Ult_Dec                    8080         VARIABLE
	Velocidade                       8081         VARIABLE
	Pos_Fixa                         8082         VARIABLE
	GRAVIDADE                        8083         VARIABLE
	DST_COLUNAS                      8084         VARIABLE
	init                             0000            LABEL
	rot_I0                           001A            LABEL
	rot_I1                           001D            LABEL
	rot_I2                           0020            LABEL
	rot_I15                          0023            LABEL
	EscCar                           0026            LABEL
	EscCarNI                         0030            LABEL
	MudaLinha                        0039            LABEL
	ApagaPassaroAtual                0040            LABEL
	ApagaEcra                        0047            LABEL
	linhas                           004D            LABEL
	colunas                          004F            LABEL
	EscString                        0060            LABEL
	Ciclo                            0064            LABEL
	FimEsc                           006D            LABEL
	EscNum                           0070            LABEL
	RContador                        007A            LABEL
	aleatorio                        0085            LABEL
	ezero                            008F            LABEL
	fimaleat                         0090            LABEL
	linha_aleat                      0095            LABEL
	Inicializar                      00A5            LABEL
	ini_e                            00AE            LABEL
	PutPassaro                       00C5            LABEL
	aumentanivel                     00CF            LABEL
	ign_an                           00DA            LABEL
	diminuinivel                     00DF            LABEL
	ign_dn                           00EA            LABEL
	NovoJogo                         00EF            LABEL
	lp                               00FD            LABEL
	ign_gravidade                    0113            LABEL
	sobepassaro                      011D            LABEL
	sobefim                          012C            LABEL
	descepassaro                     0136            LABEL
	fundo                            0159            LABEL
	ApagaColuna                      0161            LABEL
	ap_c                             016F            LABEL
	putObst                          017C            LABEL
	l                                018B            LABEL
	ign_1parte                       0193            LABEL
	l2                               01A0            LABEL
	ign_2parte                       01A8            LABEL
	movobst                          01AE            LABEL
	c_mo                             01BC            LABEL
	dec_o                            01C5            LABEL
	ign_o                            01C6            LABEL
	escreve_obst                     01CF            LABEL
	c_go                             01DE            LABEL
	escreve                          01E5            LABEL
	ign_ob                           01F2            LABEL
	gera_obst                        01FC            LABEL
	acao_obst                        0215            LABEL
	nao_add                          0221            LABEL
	sair_ao                          022E            LABEL
	ultrapassou                      0237            LABEL
	c_ult                            0242            LABEL
	passou                           024A            LABEL
	fim_ult                          024E            LABEL
	acendeleds                       0253            LABEL
	nivel1                           0264            LABEL
	nivel2                           0267            LABEL
	nivel3                           026A            LABEL
	fim_leds                         026C            LABEL
	Mostra_Obst_Ultrapassados        0272            LABEL
	escreveLCD                       028C            LABEL
	EscStringNumLCD                  02A2            LABEL
	CicloNumLCD                      02AB            LABEL
	FimNumLCD                        02B9            LABEL
	EscStringLCD                     02BD            LABEL
	CicloLCD                         02C7            LABEL
	FimEscStringLCD                  02D1            LABEL
	gameover                         02D6            LABEL
	infty_go                         0307            LABEL
	c_limpa                          031D            LABEL
	Inicio                           0338            LABEL
	infty                            0348            LABEL
